<?xml version="1.0" encoding="UTF-8"?>
<!-- Generated by org.testng.reporters.JUnitReportReporter -->
<testsuite skipped="1" hostname="DESKTOP-G4UR0GP" name="org.sample.SampleTestNG" tests="3" failures="0" timestamp="08 Jan 2021 04:57:20 GMT" time="0.016" errors="0">
  <testcase name="test1" time="0.008" classname="org.sample.SampleTestNG"/>
  <testcase name="test3" time="0.008" classname="org.sample.SampleTestNG"/>
  <testcase name="test2" classname="org.sample.SampleTestNG">
    <skipped/>
  </testcase> <!-- test2 -->
</testsuite> <!-- org.sample.SampleTestNG -->
